[2026-07-02T16:52:36.468Z] Error GET sheet Users: getaddrinfo ENOTFOUND script.google.com. Falling back to mock data.
[2026-07-02T16:52:36.671Z] Error GET sheet Notes: getaddrinfo ENOTFOUND script.google.com. Falling back to mock data.
[2026-07-02T16:52:36.686Z] Error GET sheet MeetingTasks: getaddrinfo ENOTFOUND script.google.com. Falling back to mock data.
[2026-07-02T16:52:36.697Z] Error GET sheet Meetings: getaddrinfo ENOTFOUND script.google.com. Falling back to mock data.
[2026-07-02T16:52:36.703Z] Error GET sheet Agenda: getaddrinfo ENOTFOUND script.google.com. Falling back to mock data.
[2026-07-02T16:52:36.736Z] Error GET sheet Notes: getaddrinfo ENOTFOUND script.google.com. Falling back to mock data.
[2026-07-02T16:52:36.739Z] Error GET sheet Meetings: getaddrinfo ENOTFOUND script.google.com. Falling back to mock data.
[2026-07-02T16:52:36.742Z] Error GET sheet MeetingTasks: getaddrinfo ENOTFOUND script.google.com. Falling back to mock data.
[2026-07-02T16:52:36.751Z] Error GET sheet Agenda: getaddrinfo ENOTFOUND script.google.com. Falling back to mock data.
[2026-07-02T16:52:42.372Z] Error GET sheet Categories: getaddrinfo ENOTFOUND script.google.com. Falling back to mock data.
[2026-07-02T16:52:42.400Z] Error GET sheet Categories: getaddrinfo ENOTFOUND script.google.com. Falling back to mock data.
[2026-07-02T16:52:44.034Z] Error GET sheet Users: getaddrinfo ENOTFOUND script.google.com. Falling back to mock data.
[2026-07-02T17:00:38.954Z] Error GET sheet Categories: getaddrinfo ENOTFOUND script.google.com. Falling back to mock data.
[2026-07-02T17:23:55.471Z] Error GET sheet Notes: timeout of 5000ms exceeded. Falling back to mock data.
[2026-07-02T17:24:00.495Z] Error GET sheet Users: timeout of 5000ms exceeded. Falling back to mock data.
[2026-07-02T17:24:03.573Z] Error POST action delete: timeout of 5000ms exceeded. Falling back to mock data.
[2026-07-02T17:24:08.591Z] Error GET sheet Notes: timeout of 5000ms exceeded. Falling back to mock data.
[2026-07-02T17:24:17.841Z] Error GET sheet Users: timeout of 5000ms exceeded. Falling back to mock data.
[2026-07-02T17:24:22.213Z] Error POST action delete: timeout of 5000ms exceeded. Falling back to mock data.
[2026-07-02T17:24:28.770Z] Error GET sheet Notes: timeout of 5000ms exceeded. Falling back to mock data.
[2026-07-02T17:24:33.782Z] Error GET sheet Users: timeout of 5000ms exceeded. Falling back to mock data.
[2026-07-02T17:24:36.251Z] Error POST action delete: timeout of 5000ms exceeded. Falling back to mock data.
[2026-07-02T17:24:41.279Z] Error GET sheet Notes: timeout of 5000ms exceeded. Falling back to mock data.
[2026-07-02T17:24:46.296Z] Error GET sheet Users: timeout of 5000ms exceeded. Falling back to mock data.
[2026-07-02T17:24:46.820Z] Error GET sheet Notes: timeout of 5000ms exceeded. Falling back to mock data.
[2026-07-02T17:24:51.849Z] Error GET sheet Users: timeout of 5000ms exceeded. Falling back to mock data.
[2026-07-02T17:25:05.910Z] Error POST action delete: timeout of 5000ms exceeded. Falling back to mock data.
[2026-07-02T17:25:10.028Z] Error GET sheet Notes: timeout of 5000ms exceeded. Falling back to mock data.
[2026-07-02T17:25:14.933Z] Error GET sheet Meetings: timeout of 5000ms exceeded. Falling back to mock data.
[2026-07-02T17:25:14.936Z] Error GET sheet MeetingTasks: timeout of 5000ms exceeded. Falling back to mock data.
[2026-07-02T17:25:14.939Z] Error GET sheet MeetingTasks: timeout of 5000ms exceeded. Falling back to mock data.
[2026-07-02T17:25:15.043Z] Error GET sheet Users: timeout of 5000ms exceeded. Falling back to mock data.
[2026-07-02T17:25:19.956Z] Error GET sheet Meetings: timeout of 5000ms exceeded. Falling back to mock data.
[2026-07-02T17:25:19.976Z] Error GET sheet MeetingTasks: timeout of 5000ms exceeded. Falling back to mock data.
[2026-07-02T17:25:19.997Z] Error GET sheet MeetingTasks: timeout of 5000ms exceeded. Falling back to mock data.
[2026-07-02T17:25:32.188Z] Error GET sheet Notes: timeout of 5000ms exceeded. Falling back to mock data.
[2026-07-02T17:25:37.223Z] Error GET sheet Users: timeout of 5000ms exceeded. Falling back to mock data.
[2026-07-02T17:25:42.248Z] Error GET sheet Notes: timeout of 5000ms exceeded. Falling back to mock data.
[2026-07-02T17:25:47.297Z] Error GET sheet Users: timeout of 5000ms exceeded. Falling back to mock data.
[2026-07-02T17:26:18.355Z] Error GET sheet Users: timeout of 5000ms exceeded. Falling back to mock data.
[2026-07-02T17:26:18.369Z] Exception on POST /auth/login
  Status: 401
  Token: No Token
  Body: {"email":"admin@gmail.com","password":"admin123","rememberLogin":true}
  Response: {"message":"Email atau password salah","error":"Unauthorized","statusCode":401}
  Stack: UnauthorizedException: Email atau password salah
    at AuthService.login (D:\WEB\SMART-NOTES\backend\src\auth\auth.service.ts:36:13)
    at processTicksAndRejections (node:internal/process/task_queues:104:5)
    at async D:\WEB\SMART-NOTES\backend\node_modules\@nestjs\core\router\router-execution-context.js:46:28
    at async D:\WEB\SMART-NOTES\backend\node_modules\@nestjs\core\router\router-proxy.js:9:17

[2026-07-02T17:26:48.782Z] Error GET sheet Users: timeout of 5000ms exceeded. Falling back to mock data.
[2026-07-02T17:26:48.834Z] Exception on POST /auth/login
  Status: 401
  Token: No Token
  Body: {"email":"admin@gmail.com","password":"admin123","rememberLogin":true}
  Response: {"message":"Email atau password salah","error":"Unauthorized","statusCode":401}
  Stack: UnauthorizedException: Email atau password salah
    at AuthService.login (D:\WEB\SMART-NOTES\backend\src\auth\auth.service.ts:36:13)
    at processTicksAndRejections (node:internal/process/task_queues:104:5)
    at async D:\WEB\SMART-NOTES\backend\node_modules\@nestjs\core\router\router-execution-context.js:46:28
    at async D:\WEB\SMART-NOTES\backend\node_modules\@nestjs\core\router\router-proxy.js:9:17

[2026-07-02T17:27:16.395Z] Error GET sheet MeetingTasks: timeout of 5000ms exceeded. Falling back to mock data.
[2026-07-02T17:27:16.411Z] Error GET sheet Agenda: timeout of 5000ms exceeded. Falling back to mock data.
[2026-07-02T17:27:21.499Z] Error GET sheet Agenda: timeout of 5000ms exceeded. Falling back to mock data.
[2026-07-02T17:27:27.543Z] Error GET sheet Notes: timeout of 5000ms exceeded. Falling back to mock data.
[2026-07-02T17:27:32.555Z] Error GET sheet Users: timeout of 5000ms exceeded. Falling back to mock data.
[2026-07-02T17:27:55.826Z] Error GET sheet Notes: timeout of 5000ms exceeded. Falling back to mock data.
[2026-07-02T17:28:00.429Z] Error GET sheet Notes: timeout of 5000ms exceeded. Falling back to mock data.
[2026-07-02T17:28:00.434Z] Error GET sheet Meetings: timeout of 5000ms exceeded. Falling back to mock data.
[2026-07-02T17:28:00.437Z] Error GET sheet MeetingTasks: timeout of 5000ms exceeded. Falling back to mock data.
[2026-07-02T17:28:00.441Z] Error GET sheet Agenda: timeout of 5000ms exceeded. Falling back to mock data.
[2026-07-02T17:28:00.860Z] Error GET sheet Users: timeout of 5000ms exceeded. Falling back to mock data.
[2026-07-02T17:28:30.412Z] Error GET sheet Users: timeout of 5000ms exceeded. Falling back to mock data.
[2026-07-02T17:30:10.964Z] Error GET sheet Notes: timeout of 5000ms exceeded. Falling back to mock data.
[2026-07-02T17:30:10.975Z] Error GET sheet MeetingTasks: timeout of 5000ms exceeded. Falling back to mock data.
[2026-07-02T17:30:10.985Z] Error GET sheet Agenda: timeout of 5000ms exceeded. Falling back to mock data.
[2026-07-02T17:30:36.342Z] Error POST action update: timeout of 5000ms exceeded. Falling back to mock data.
[2026-07-02T17:30:41.378Z] Error GET sheet Users: timeout of 5000ms exceeded. Falling back to mock data.
[2026-07-02T17:31:07.613Z] Error GET sheet Notes: timeout of 5000ms exceeded. Falling back to mock data.
[2026-07-02T17:31:07.620Z] Error GET sheet Meetings: timeout of 5000ms exceeded. Falling back to mock data.
[2026-07-02T17:31:07.623Z] Error GET sheet Agenda: timeout of 5000ms exceeded. Falling back to mock data.
[2026-07-02T17:31:10.357Z] Error GET sheet Notes: timeout of 5000ms exceeded. Falling back to mock data.
[2026-07-02T17:31:15.384Z] Error GET sheet Users: timeout of 5000ms exceeded. Falling back to mock data.
[2026-07-02T17:31:31.109Z] Error GET sheet Users: timeout of 5000ms exceeded. Falling back to mock data.
[2026-07-02T17:32:13.056Z] Error GET sheet MeetingTasks: timeout of 5000ms exceeded. Falling back to mock data.
[2026-07-02T17:32:21.291Z] Error GET sheet Notes: timeout of 5000ms exceeded. Falling back to mock data.
[2026-07-02T17:32:24.853Z] Error GET sheet Notes: timeout of 5000ms exceeded. Falling back to mock data.
[2026-07-02T17:32:29.869Z] Error GET sheet Users: timeout of 5000ms exceeded. Falling back to mock data.
[2026-07-02T17:32:31.780Z] Error GET sheet Notes: timeout of 5000ms exceeded. Falling back to mock data.
[2026-07-02T17:32:36.853Z] Error GET sheet Users: timeout of 5000ms exceeded. Falling back to mock data.
[2026-07-02T17:32:46.879Z] Error GET sheet Notes: timeout of 5000ms exceeded. Falling back to mock data.
[2026-07-02T17:32:50.335Z] Error GET sheet Notes: timeout of 5000ms exceeded. Falling back to mock data.
[2026-07-02T17:32:51.936Z] Error GET sheet Users: timeout of 5000ms exceeded. Falling back to mock data.
[2026-07-02T17:32:53.511Z] Error GET sheet Meetings: timeout of 5000ms exceeded. Falling back to mock data.
[2026-07-02T17:32:53.524Z] Error GET sheet MeetingTasks: timeout of 5000ms exceeded. Falling back to mock data.
[2026-07-02T17:32:53.530Z] Error GET sheet Agenda: timeout of 5000ms exceeded. Falling back to mock data.
[2026-07-02T17:32:55.363Z] Error GET sheet Users: timeout of 5000ms exceeded. Falling back to mock data.
[2026-07-02T17:32:58.586Z] Error GET sheet Notes: timeout of 5000ms exceeded. Falling back to mock data.
[2026-07-02T17:32:58.597Z] Error GET sheet Meetings: timeout of 5000ms exceeded. Falling back to mock data.
[2026-07-02T17:32:58.613Z] Error GET sheet MeetingTasks: timeout of 5000ms exceeded. Falling back to mock data.
[2026-07-02T17:32:58.642Z] Error GET sheet Agenda: timeout of 5000ms exceeded. Falling back to mock data.
[2026-07-02T17:33:12.687Z] Error GET sheet Notes: timeout of 5000ms exceeded. Falling back to mock data.
[2026-07-02T17:33:17.715Z] Error GET sheet Users: timeout of 5000ms exceeded. Falling back to mock data.
[2026-07-02T17:33:21.407Z] Error GET sheet Notes: timeout of 5000ms exceeded. Falling back to mock data.
[2026-07-02T17:33:26.435Z] Error GET sheet Users: timeout of 5000ms exceeded. Falling back to mock data.
[2026-07-02T17:33:59.714Z] Error GET sheet Meetings: timeout of 5000ms exceeded. Falling back to mock data.
[2026-07-02T17:33:59.743Z] Error GET sheet MeetingTasks: timeout of 5000ms exceeded. Falling back to mock data.
[2026-07-02T17:33:59.774Z] Error GET sheet Notes: timeout of 5000ms exceeded. Falling back to mock data.
[2026-07-02T17:34:04.831Z] Error GET sheet Meetings: timeout of 5000ms exceeded. Falling back to mock data.
[2026-07-02T17:34:08.627Z] Error GET sheet Notes: timeout of 5000ms exceeded. Falling back to mock data.
[2026-07-02T17:34:17.450Z] Error GET sheet Notes: timeout of 5000ms exceeded. Falling back to mock data.
[2026-07-02T17:34:21.972Z] Error GET sheet Notes: timeout of 5000ms exceeded. Falling back to mock data.
[2026-07-02T17:41:36.847Z] Error GET sheet Notes: timeout of 5000ms exceeded. Falling back to mock data.
[2026-07-02T17:41:41.865Z] Error GET sheet Users: timeout of 5000ms exceeded. Falling back to mock data.
[2026-07-02T17:42:13.517Z] Error GET sheet Meetings: timeout of 5000ms exceeded. Falling back to mock data.
[2026-07-02T17:42:13.532Z] Error GET sheet Agenda: timeout of 5000ms exceeded. Falling back to mock data.
[2026-07-02T17:42:19.182Z] Error GET sheet Notes: timeout of 5000ms exceeded. Falling back to mock data.
[2026-07-02T17:42:19.195Z] Error GET sheet Meetings: timeout of 5000ms exceeded. Falling back to mock data.
[2026-07-02T17:42:19.199Z] Error GET sheet MeetingTasks: timeout of 5000ms exceeded. Falling back to mock data.
[2026-07-02T17:44:15.646Z] Error GET sheet Notes: timeout of 5000ms exceeded. Falling back to mock data.
[2026-07-02T17:44:15.651Z] Error GET sheet Meetings: timeout of 5000ms exceeded. Falling back to mock data.
[2026-07-02T17:44:15.655Z] Error GET sheet Agenda: timeout of 5000ms exceeded. Falling back to mock data.
[2026-07-02T17:44:52.685Z] Error GET sheet Notes: timeout of 5000ms exceeded. Falling back to mock data.
[2026-07-02T17:44:57.708Z] Error GET sheet Users: timeout of 5000ms exceeded. Falling back to mock data.
[2026-07-02T17:45:02.729Z] Error GET sheet Notes: timeout of 5000ms exceeded. Falling back to mock data.
[2026-07-02T17:45:07.750Z] Error GET sheet Users: timeout of 5000ms exceeded. Falling back to mock data.
[2026-07-02T17:45:10.627Z] Error POST action insert: timeout of 5000ms exceeded. Falling back to mock data.
[2026-07-02T17:45:15.676Z] Error GET sheet Notes: timeout of 5000ms exceeded. Falling back to mock data.
[2026-07-02T17:45:20.693Z] Error GET sheet Users: timeout of 5000ms exceeded. Falling back to mock data.
[2026-07-02T17:45:22.841Z] Error GET sheet Notes: timeout of 5000ms exceeded. Falling back to mock data.
[2026-07-02T17:45:27.858Z] Error GET sheet Users: timeout of 5000ms exceeded. Falling back to mock data.
[2026-07-02T17:45:48.004Z] Error GET sheet Users: timeout of 5000ms exceeded. Falling back to mock data.
[2026-07-02T17:45:48.005Z] Exception on POST /auth/login
  Status: 401
  Token: No Token
  Body: {"email":"admin@gmail.com","password":"admin123","rememberLogin":true}
  Response: {"message":"Email atau password salah","error":"Unauthorized","statusCode":401}
  Stack: UnauthorizedException: Email atau password salah
    at AuthService.login (D:\WEB\SMART-NOTES\backend\src\auth\auth.service.ts:36:13)
    at processTicksAndRejections (node:internal/process/task_queues:104:5)
    at async D:\WEB\SMART-NOTES\backend\node_modules\@nestjs\core\router\router-execution-context.js:46:28
    at async D:\WEB\SMART-NOTES\backend\node_modules\@nestjs\core\router\router-proxy.js:9:17

[2026-07-02T17:46:09.993Z] Error GET sheet Users: timeout of 5000ms exceeded. Falling back to mock data.
[2026-07-02T17:46:10.006Z] Exception on POST /auth/login
  Status: 401
  Token: No Token
  Body: {"email":"admin@gmail.com","password":"admin123","rememberLogin":true}
  Response: {"message":"Email atau password salah","error":"Unauthorized","statusCode":401}
  Stack: UnauthorizedException: Email atau password salah
    at AuthService.login (D:\WEB\SMART-NOTES\backend\src\auth\auth.service.ts:36:13)
    at processTicksAndRejections (node:internal/process/task_queues:104:5)
    at async D:\WEB\SMART-NOTES\backend\node_modules\@nestjs\core\router\router-execution-context.js:46:28
    at async D:\WEB\SMART-NOTES\backend\node_modules\@nestjs\core\router\router-proxy.js:9:17

[2026-07-02T17:46:55.353Z] Error GET sheet Users: timeout of 15000ms exceeded.
[2026-07-02T17:46:55.361Z] Exception on POST /auth/login
  Status: 401
  Token: No Token
  Body: {"email":"admin@gmail.com","password":"admin123","rememberLogin":true}
  Response: {"message":"Email atau password salah","error":"Unauthorized","statusCode":401}
  Stack: UnauthorizedException: Email atau password salah
    at AuthService.login (D:\WEB\SMART-NOTES\backend\src\auth\auth.service.ts:36:13)
    at processTicksAndRejections (node:internal/process/task_queues:104:5)
    at async D:\WEB\SMART-NOTES\backend\node_modules\@nestjs\core\router\router-execution-context.js:46:28
    at async D:\WEB\SMART-NOTES\backend\node_modules\@nestjs\core\router\router-proxy.js:9:17

[2026-07-02T17:51:24.854Z] NotesService.findAll: userId=ID-1782579785206-698 | roleName=Admin | isAdminOrManager=true
  Original Notes: [{"id":"ID-1783014307097-57","title":"baru staf","created_by":"ID-1783012288732-655"}]
[2026-07-02T17:51:26.926Z] NotesService.findAll: userId=ID-1782579785206-698 | roleName=Admin | isAdminOrManager=true
  Original Notes: [{"id":"ID-1783014307097-57","title":"baru staf","created_by":"ID-1783012288732-655"}]
[2026-07-02T17:51:49.289Z] NotesService.findAll: userId=ID-1782579785206-698 | roleName=Admin | isAdminOrManager=true
  Original Notes: [{"id":"ID-1783014307097-57","title":"baru staf","created_by":"ID-1783012288732-655"},{"id":"ID-1783014705372-903","title":"ini admin","created_by":"ID-1782579785206-698"}]
[2026-07-02T17:52:35.071Z] NotesService.findAll: userId=ID-1783012288732-655 | roleName=Staff | isAdminOrManager=false
  Original Notes: [{"id":"ID-1783014307097-57","title":"baru staf","created_by":"ID-1783012288732-655"},{"id":"ID-1783014705372-903","title":"ini admin","created_by":"ID-1782579785206-698"}]
[2026-07-02T17:52:38.398Z] Error GET sheet Notes: timeout of 15000ms exceeded.
[2026-07-02T17:52:38.406Z] NotesService.findAll: userId=ID-1783012288732-655 | roleName=Staff | isAdminOrManager=false
  Original Notes: [{"id":"ID-1783014307097-57","title":"baru staf","created_by":"ID-1783012288732-655"},{"id":"ID-1783014705372-903","title":"ini admin","created_by":"ID-1782579785206-698"}]
[2026-07-02T17:52:50.082Z] Error GET sheet Users: timeout of 15000ms exceeded.
[2026-07-02T18:00:34.368Z] Exception on GET /notes
  Status: 401
  Token: No Token
  Body: {}
  Response: {"message":"Unauthorized","statusCode":401}
  Stack: UnauthorizedException: Unauthorized
    at 1948e93ddea200d84ae3d.handleRequest (D:\WEB\SMART-NOTES\backend\node_modules\@nestjs\passport\dist\auth.guard.js:60:30)
    at D:\WEB\SMART-NOTES\backend\node_modules\@nestjs\passport\dist\auth.guard.js:44:124
    at D:\WEB\SMART-NOTES\backend\node_modules\@nestjs\passport\dist\auth.guard.js:83:24
    at allFailed (D:\WEB\SMART-NOTES\backend\node_modules\passport\lib\middleware\authenticate.js:110:18)
    at attempt (D:\WEB\SMART-NOTES\backend\node_modules\passport\lib\middleware\authenticate.js:183:28)
    at JwtStrategy.strategy.fail (D:\WEB\SMART-NOTES\backend\node_modules\passport\lib\middleware\authenticate.js:314:9)
    at JwtStrategy.authenticate (D:\WEB\SMART-NOTES\backend\node_modules\passport-jwt\lib\strategy.js:96:21)
    at attempt (D:\WEB\SMART-NOTES\backend\node_modules\passport\lib\middleware\authenticate.js:378:16)
    at authenticate (D:\WEB\SMART-NOTES\backend\node_modules\passport\lib\middleware\authenticate.js:379:7)
    at D:\WEB\SMART-NOTES\backend\node_modules\@nestjs\passport\dist\auth.guard.js:88:3

[2026-07-02T18:00:58.381Z] NotesService.findAll: userId=ID-1782579785206-698 | roleName=Admin | isAdminOrManager=true
  Original Notes: [{"id":"ID-1783014307097-57","title":"baru staf","created_by":"ID-1783012288732-655"},{"id":"ID-1783014705372-903","title":"ini admin","created_by":"ID-1782579785206-698"}]
[2026-07-02T18:01:00.545Z] NotesService.findAll: userId=ID-1782579785206-698 | roleName=Admin | isAdminOrManager=true
  Original Notes: [{"id":"ID-1783014307097-57","title":"baru staf","created_by":"ID-1783012288732-655"},{"id":"ID-1783014705372-903","title":"ini admin","created_by":"ID-1782579785206-698"}]
[2026-07-02T18:01:05.904Z] NotesService.findAll: userId=ID-1782579785206-698 | roleName=Admin | isAdminOrManager=true
  Original Notes: [{"id":"ID-1783014307097-57","title":"baru staf","created_by":"ID-1783012288732-655"},{"id":"ID-1783014705372-903","title":"ini admin","created_by":"ID-1782579785206-698"}]
[2026-07-02T18:01:17.985Z] NotesService.findAll: userId=ID-1782579785206-698 | roleName=Admin | isAdminOrManager=true
  Original Notes: [{"id":"ID-1783014307097-57","title":"baru staf","created_by":"ID-1783012288732-655"},{"id":"ID-1783014705372-903","title":"ini admin","created_by":"ID-1782579785206-698"}]
[2026-07-02T18:01:17.995Z] NotesService.findAll: userId=ID-1782579785206-698 | roleName=Admin | isAdminOrManager=true
  Original Notes: [{"id":"ID-1783014307097-57","title":"baru staf","created_by":"ID-1783012288732-655"},{"id":"ID-1783014705372-903","title":"ini admin","created_by":"ID-1782579785206-698"}]
[2026-07-02T18:27:06.651Z] NotesService.findAll: userId=ID-1782579785206-698 | roleName=Admin | isAdminOrManager=true
  Original Notes: [{"id":"ID-1783014307097-57","title":"baru staf","created_by":"ID-1783012288732-655"},{"id":"ID-1783014705372-903","title":"ini admin","created_by":"ID-1782579785206-698"}]
[2026-07-02T18:27:12.770Z] NotesService.findAll: userId=ID-1782579785206-698 | roleName=Admin | isAdminOrManager=true
  Original Notes: [{"id":"ID-1783014307097-57","title":"baru staf","created_by":"ID-1783012288732-655"},{"id":"ID-1783014705372-903","title":"ini admin","created_by":"ID-1782579785206-698"}]
[2026-07-02T18:44:07.273Z] Error GET sheet Notes: timeout of 15000ms exceeded.
[2026-07-02T18:44:07.280Z] NotesService.findAll: userId=ID-1782579785206-698 | roleName=Admin | isAdminOrManager=true
  Original Notes: [{"id":"ID-1783014307097-57","title":"baru staf","created_by":"ID-1783012288732-655"},{"id":"ID-1783014705372-903","title":"ini admin","created_by":"ID-1782579785206-698"}]
[2026-07-02T18:44:13.281Z] NotesService.findAll: userId=ID-1782579785206-698 | roleName=Admin | isAdminOrManager=true
  Original Notes: [{"id":"ID-1783014307097-57","title":"baru staf","created_by":"ID-1783012288732-655"},{"id":"ID-1783014705372-903","title":"ini admin","created_by":"ID-1782579785206-698"}]
